{"contracts\\NFT_collection.sol":{"l":{"19":0,"23":0,"247":0,"270":0,"271":0,"273":0,"274":0,"275":0,"276":0,"277":0,"279":0,"280":0,"281":0,"282":0,"283":0,"285":0,"292":0,"293":0,"295":0,"296":0,"297":0,"298":0,"299":0,"301":0,"308":0,"309":0,"310":0,"311":0,"312":0,"313":0,"315":0,"316":0,"352":0,"353":0,"356":0,"376":0,"378":0,"379":0,"401":0,"415":0,"434":0,"449":0,"450":0,"452":0,"453":0,"463":0,"477":0,"479":0,"480":0,"490":0,"504":0,"506":0,"507":0,"521":0,"522":0,"525":0,"528":0,"533":0,"630":0,"631":0,"638":0,"648":0,"649":0,"656":0,"657":0,"658":0,"665":0,"672":0,"679":0,"681":0,"682":0,"691":0,"698":0,"699":0,"701":0,"706":0,"713":0,"715":0,"722":0,"724":0,"725":0,"732":0,"744":0,"746":0,"757":0,"769":0,"770":0,"797":0,"798":0,"810":0,"821":0,"822":0,"823":0,"837":0,"849":0,"850":0,"869":0,"870":0,"872":0,"874":0,"875":0,"877":0,"891":0,"893":0,"896":0,"898":0,"899":0,"901":0,"920":0,"921":0,"923":0,"926":0,"928":0,"929":0,"930":0,"932":0,"941":0,"942":0,"961":0,"962":0,"963":0,"965":0,"966":0,"968":0,"974":0,"1029":0,"1036":0,"1037":0,"1044":0,"1051":0,"1052":0,"1075":0,"1077":0,"1078":0,"1080":0,"1082":0,"1083":0,"1085":0,"1095":0,"1096":0,"1097":0,"1105":0,"1106":0,"1121":0,"1122":0,"1125":0,"1126":0,"1128":0,"1129":0,"1133":0,"1134":0,"1146":0,"1147":0,"1152":0,"1154":0,"1155":0,"1158":0,"1159":0,"1191":0,"1198":0,"1205":0,"1206":0,"1217":0,"1225":0,"1226":0,"1230":0,"1231":0,"1232":0,"1250":0,"1255":0,"1256":0,"1257":0,"1258":0,"1259":0,"1261":0,"1262":0,"1265":0,"1266":0,"1275":0,"1276":0,"1277":0,"1278":0,"1280":0,"1290":0,"1295":0,"1296":0,"1304":0,"1308":0,"1312":0,"1316":0,"1320":0},"path":"C:\\Users\\leruo\\Desktop\\WTC 2026\\BLOCKCHAIN TECHNOLOGY\\Workshops with Karabo\\Week 5\\NFT_ERC721\\contracts\\NFT_collection.sol","s":{"1":0,"2":0,"3":0,"4":0,"5":0,"6":0,"7":0,"8":0,"9":0,"10":0,"11":0,"12":0,"13":0,"14":0,"15":0,"16":0,"17":0,"18":0,"19":0,"20":0,"21":0,"22":0,"23":0,"24":0,"25":0,"26":0,"27":0,"28":0,"29":0,"30":0,"31":0,"32":0,"33":0,"34":0,"35":0,"36":0,"37":0,"38":0,"39":0,"40":0,"41":0,"42":0,"43":0,"44":0,"45":0,"46":0,"47":0,"48":0,"49":0,"50":0,"51":0,"52":0,"53":0,"54":0,"55":0,"56":0,"57":0,"58":0,"59":0,"60":0,"61":0,"62":0,"63":0,"64":0,"65":0,"66":0,"67":0,"68":0,"69":0,"70":0,"71":0,"72":0,"73":0,"74":0,"75":0,"76":0,"77":0,"78":0,"79":0,"80":0,"81":0,"82":0,"83":0,"84":0,"85":0,"86":0,"87":0,"88":0,"89":0,"90":0,"91":0,"92":0,"93":0,"94":0,"95":0,"96":0,"97":0,"98":0,"99":0,"100":0,"101":0,"102":0,"103":0,"104":0,"105":0,"106":0,"107":0,"108":0,"109":0,"110":0,"111":0,"112":0,"113":0,"114":0,"115":0,"116":0,"117":0,"118":0,"119":0,"120":0,"121":0,"122":0,"123":0,"124":0,"125":0,"126":0,"127":0,"128":0,"129":0,"130":0,"131":0,"132":0,"133":0,"134":0,"135":0,"136":0,"137":0,"138":0,"139":0,"140":0,"141":0,"142":0,"143":0,"144":0,"145":0,"146":0,"147":0,"148":0,"149":0,"150":0,"151":0},"b":{"1":[0,0],"2":[0,0],"3":[0,0],"4":[0,0],"5":[0,0],"6":[0,0],"7":[0,0],"8":[0,0],"9":[0,0],"10":[0,0],"11":[0,0],"12":[0,0],"13":[0,0],"14":[0,0],"15":[0,0],"16":[0,0],"17":[0,0],"18":[0,0],"19":[0,0],"20":[0,0],"21":[0,0],"22":[0,0],"23":[0,0],"24":[0,0],"25":[0,0],"26":[0,0],"27":[0,0],"28":[0,0],"29":[0,0],"30":[0,0],"31":[0,0],"32":[0,0],"33":[0,0],"34":[0,0],"35":[0,0],"36":[0,0],"37":[0,0],"38":[0,0],"39":[0,0],"40":[0,0],"41":[0,0],"42":[0,0],"43":[0,0],"44":[0,0],"45":[0,0],"46":[0,0],"47":[0,0],"48":[0,0],"49":[0,0],"50":[0,0],"51":[0,0],"52":[0,0],"53":[0,0],"54":[0,0],"55":[0,0],"56":[0,0],"57":[0,0],"58":[0,0],"59":[0,0],"60":[0,0],"61":[0,0]},"f":{"1":0,"2":0,"3":0,"4":0,"5":0,"6":0,"7":0,"8":0,"9":0,"10":0,"11":0,"12":0,"13":0,"14":0,"15":0,"16":0,"17":0,"18":0,"19":0,"20":0,"21":0,"22":0,"23":0,"24":0,"25":0,"26":0,"27":0,"28":0,"29":0,"30":0,"31":0,"32":0,"33":0,"34":0,"35":0,"36":0,"37":0,"38":0,"39":0,"40":0,"41":0,"42":0,"43":0,"44":0,"45":0,"46":0,"47":0,"48":0,"49":0,"50":0,"51":0,"52":0,"53":0,"54":0,"55":0,"56":0,"57":0,"58":0,"59":0,"60":0,"61":0,"62":0,"63":0,"64":0,"65":0,"66":0,"67":0,"68":0},"fnMap":{"1":{"name":"_msgSender","line":18,"loc":{"start":{"line":18,"column":4},"end":{"line":20,"column":4}}},"2":{"name":"_msgData","line":22,"loc":{"start":{"line":22,"column":4},"end":{"line":24,"column":4}}},"3":{"name":"supportsInterface","line":246,"loc":{"start":{"line":246,"column":4},"end":{"line":248,"column":4}}},"4":{"name":"toString","line":266,"loc":{"start":{"line":266,"column":4},"end":{"line":286,"column":4}}},"5":{"name":"toHexString","line":291,"loc":{"start":{"line":291,"column":4},"end":{"line":302,"column":4}}},"6":{"name":"toHexString","line":307,"loc":{"start":{"line":307,"column":4},"end":{"line":317,"column":4}}},"7":{"name":"isContract","line":347,"loc":{"start":{"line":347,"column":4},"end":{"line":357,"column":4}}},"8":{"name":"sendValue","line":375,"loc":{"start":{"line":375,"column":4},"end":{"line":380,"column":4}}},"9":{"name":"functionCall","line":400,"loc":{"start":{"line":400,"column":4},"end":{"line":402,"column":4}}},"10":{"name":"functionCall","line":410,"loc":{"start":{"line":410,"column":4},"end":{"line":416,"column":4}}},"11":{"name":"functionCallWithValue","line":429,"loc":{"start":{"line":429,"column":4},"end":{"line":435,"column":4}}},"12":{"name":"functionCallWithValue","line":443,"loc":{"start":{"line":443,"column":4},"end":{"line":454,"column":4}}},"13":{"name":"functionStaticCall","line":462,"loc":{"start":{"line":462,"column":4},"end":{"line":464,"column":4}}},"14":{"name":"functionStaticCall","line":472,"loc":{"start":{"line":472,"column":4},"end":{"line":481,"column":4}}},"15":{"name":"functionDelegateCall","line":489,"loc":{"start":{"line":489,"column":4},"end":{"line":491,"column":4}}},"16":{"name":"functionDelegateCall","line":499,"loc":{"start":{"line":499,"column":4},"end":{"line":508,"column":4}}},"17":{"name":"verifyCallResult","line":516,"loc":{"start":{"line":516,"column":4},"end":{"line":536,"column":4}}},"18":{"name":"constructor","line":629,"loc":{"start":{"line":629,"column":4},"end":{"line":632,"column":4}}},"19":{"name":"supportsInterface","line":637,"loc":{"start":{"line":637,"column":4},"end":{"line":642,"column":4}}},"20":{"name":"balanceOf","line":647,"loc":{"start":{"line":647,"column":4},"end":{"line":650,"column":4}}},"21":{"name":"ownerOf","line":655,"loc":{"start":{"line":655,"column":4},"end":{"line":659,"column":4}}},"22":{"name":"name","line":664,"loc":{"start":{"line":664,"column":4},"end":{"line":666,"column":4}}},"23":{"name":"symbol","line":671,"loc":{"start":{"line":671,"column":4},"end":{"line":673,"column":4}}},"24":{"name":"tokenURI","line":678,"loc":{"start":{"line":678,"column":4},"end":{"line":683,"column":4}}},"25":{"name":"_baseURI","line":690,"loc":{"start":{"line":690,"column":4},"end":{"line":692,"column":4}}},"26":{"name":"approve","line":697,"loc":{"start":{"line":697,"column":4},"end":{"line":707,"column":4}}},"27":{"name":"getApproved","line":712,"loc":{"start":{"line":712,"column":4},"end":{"line":716,"column":4}}},"28":{"name":"setApprovalForAll","line":721,"loc":{"start":{"line":721,"column":4},"end":{"line":726,"column":4}}},"29":{"name":"isApprovedForAll","line":731,"loc":{"start":{"line":731,"column":4},"end":{"line":733,"column":4}}},"30":{"name":"transferFrom","line":738,"loc":{"start":{"line":738,"column":4},"end":{"line":747,"column":4}}},"31":{"name":"safeTransferFrom","line":752,"loc":{"start":{"line":752,"column":4},"end":{"line":758,"column":4}}},"32":{"name":"safeTransferFrom","line":763,"loc":{"start":{"line":763,"column":4},"end":{"line":771,"column":4}}},"33":{"name":"_safeTransfer","line":791,"loc":{"start":{"line":791,"column":4},"end":{"line":799,"column":4}}},"34":{"name":"_exists","line":809,"loc":{"start":{"line":809,"column":4},"end":{"line":811,"column":4}}},"35":{"name":"_isApprovedOrOwner","line":820,"loc":{"start":{"line":820,"column":4},"end":{"line":824,"column":4}}},"36":{"name":"_safeMint","line":836,"loc":{"start":{"line":836,"column":4},"end":{"line":838,"column":4}}},"37":{"name":"_safeMint","line":844,"loc":{"start":{"line":844,"column":4},"end":{"line":854,"column":4}}},"38":{"name":"_mint","line":868,"loc":{"start":{"line":868,"column":4},"end":{"line":878,"column":4}}},"39":{"name":"_burn","line":890,"loc":{"start":{"line":890,"column":4},"end":{"line":902,"column":4}}},"40":{"name":"_transfer","line":915,"loc":{"start":{"line":915,"column":4},"end":{"line":933,"column":4}}},"41":{"name":"_approve","line":940,"loc":{"start":{"line":940,"column":4},"end":{"line":943,"column":4}}},"42":{"name":"_checkOnERC721Received","line":955,"loc":{"start":{"line":955,"column":4},"end":{"line":976,"column":4}}},"43":{"name":"_beforeTokenTransfer","line":992,"loc":{"start":{"line":992,"column":4},"end":{"line":996,"column":24}}},"44":{"name":"supportsInterface","line":1028,"loc":{"start":{"line":1028,"column":4},"end":{"line":1030,"column":4}}},"45":{"name":"tokenOfOwnerByIndex","line":1035,"loc":{"start":{"line":1035,"column":4},"end":{"line":1038,"column":4}}},"46":{"name":"totalSupply","line":1043,"loc":{"start":{"line":1043,"column":4},"end":{"line":1045,"column":4}}},"47":{"name":"tokenByIndex","line":1050,"loc":{"start":{"line":1050,"column":4},"end":{"line":1053,"column":4}}},"48":{"name":"_beforeTokenTransfer","line":1070,"loc":{"start":{"line":1070,"column":4},"end":{"line":1087,"column":4}}},"49":{"name":"_addTokenToOwnerEnumeration","line":1094,"loc":{"start":{"line":1094,"column":4},"end":{"line":1098,"column":4}}},"50":{"name":"_addTokenToAllTokensEnumeration","line":1104,"loc":{"start":{"line":1104,"column":4},"end":{"line":1107,"column":4}}},"51":{"name":"_removeTokenFromOwnerEnumeration","line":1117,"loc":{"start":{"line":1117,"column":4},"end":{"line":1135,"column":4}}},"52":{"name":"_removeTokenFromAllTokensEnumeration","line":1142,"loc":{"start":{"line":1142,"column":4},"end":{"line":1160,"column":4}}},"53":{"name":"constructor","line":1190,"loc":{"start":{"line":1190,"column":4},"end":{"line":1192,"column":4}}},"54":{"name":"owner","line":1197,"loc":{"start":{"line":1197,"column":4},"end":{"line":1199,"column":4}}},"55":{"name":"onlyOwner","line":1204,"loc":{"start":{"line":1204,"column":4},"end":{"line":1207,"column":4}}},"56":{"name":"renounceOwnership","line":1216,"loc":{"start":{"line":1216,"column":4},"end":{"line":1218,"column":4}}},"57":{"name":"transferOwnership","line":1224,"loc":{"start":{"line":1224,"column":4},"end":{"line":1227,"column":4}}},"58":{"name":"_setOwner","line":1229,"loc":{"start":{"line":1229,"column":4},"end":{"line":1233,"column":4}}},"59":{"name":"constructor","line":1247,"loc":{"start":{"line":1247,"column":4},"end":{"line":1247,"column":67}}},"60":{"name":"_baseURI","line":1249,"loc":{"start":{"line":1249,"column":8},"end":{"line":1251,"column":4}}},"61":{"name":"mint","line":1254,"loc":{"start":{"line":1254,"column":8},"end":{"line":1268,"column":8}}},"62":{"name":"walletOfOwner","line":1270,"loc":{"start":{"line":1270,"column":8},"end":{"line":1281,"column":8}}},"63":{"name":"tokenURI","line":1284,"loc":{"start":{"line":1284,"column":8},"end":{"line":1300,"column":8}}},"64":{"name":"setmaxMintAmount","line":1303,"loc":{"start":{"line":1303,"column":8},"end":{"line":1305,"column":8}}},"65":{"name":"setBaseURI","line":1307,"loc":{"start":{"line":1307,"column":8},"end":{"line":1309,"column":8}}},"66":{"name":"setBaseExtension","line":1311,"loc":{"start":{"line":1311,"column":8},"end":{"line":1313,"column":8}}},"67":{"name":"pause","line":1315,"loc":{"start":{"line":1315,"column":8},"end":{"line":1317,"column":8}}},"68":{"name":"withdraw","line":1319,"loc":{"start":{"line":1319,"column":8},"end":{"line":1321,"column":8}}}},"statementMap":{"1":{"start":{"line":19,"column":8},"end":{"line":19,"column":25}},"2":{"start":{"line":23,"column":8},"end":{"line":23,"column":23}},"3":{"start":{"line":247,"column":8},"end":{"line":247,"column":55}},"4":{"start":{"line":270,"column":8},"end":{"line":270,"column":9056}},"5":{"start":{"line":271,"column":12},"end":{"line":271,"column":22}},"6":{"start":{"line":273,"column":8},"end":{"line":273,"column":28}},"7":{"start":{"line":274,"column":8},"end":{"line":274,"column":22}},"8":{"start":{"line":275,"column":8},"end":{"line":275,"column":9175}},"9":{"start":{"line":279,"column":8},"end":{"line":279,"column":47}},"10":{"start":{"line":280,"column":8},"end":{"line":280,"column":9313}},"11":{"start":{"line":285,"column":8},"end":{"line":285,"column":29}},"12":{"start":{"line":292,"column":8},"end":{"line":292,"column":9701}},"13":{"start":{"line":293,"column":12},"end":{"line":293,"column":25}},"14":{"start":{"line":295,"column":8},"end":{"line":295,"column":28}},"15":{"start":{"line":296,"column":8},"end":{"line":296,"column":26}},"16":{"start":{"line":297,"column":8},"end":{"line":297,"column":9827}},"17":{"start":{"line":301,"column":8},"end":{"line":301,"column":41}},"18":{"start":{"line":308,"column":8},"end":{"line":308,"column":55}},"19":{"start":{"line":311,"column":8},"end":{"line":311,"column":10295}},"20":{"start":{"line":315,"column":8},"end":{"line":315,"column":62}},"21":{"start":{"line":316,"column":8},"end":{"line":316,"column":29}},"22":{"start":{"line":352,"column":8},"end":{"line":352,"column":20}},"23":{"start":{"line":356,"column":8},"end":{"line":356,"column":23}},"24":{"start":{"line":376,"column":8},"end":{"line":376,"column":80}},"25":{"start":{"line":378,"column":8},"end":{"line":378,"column":60}},"26":{"start":{"line":379,"column":8},"end":{"line":379,"column":85}},"27":{"start":{"line":401,"column":8},"end":{"line":401,"column":75}},"28":{"start":{"line":415,"column":8},"end":{"line":415,"column":67}},"29":{"start":{"line":434,"column":8},"end":{"line":434,"column":102}},"30":{"start":{"line":449,"column":8},"end":{"line":449,"column":88}},"31":{"start":{"line":450,"column":8},"end":{"line":450,"column":67}},"32":{"start":{"line":452,"column":8},"end":{"line":452,"column":81}},"33":{"start":{"line":453,"column":8},"end":{"line":453,"column":66}},"34":{"start":{"line":463,"column":8},"end":{"line":463,"column":88}},"35":{"start":{"line":477,"column":8},"end":{"line":477,"column":74}},"36":{"start":{"line":479,"column":8},"end":{"line":479,"column":73}},"37":{"start":{"line":480,"column":8},"end":{"line":480,"column":66}},"38":{"start":{"line":490,"column":8},"end":{"line":490,"column":92}},"39":{"start":{"line":504,"column":8},"end":{"line":504,"column":76}},"40":{"start":{"line":506,"column":8},"end":{"line":506,"column":75}},"41":{"start":{"line":507,"column":8},"end":{"line":507,"column":66}},"42":{"start":{"line":521,"column":8},"end":{"line":521,"column":18095}},"43":{"start":{"line":522,"column":12},"end":{"line":522,"column":29}},"44":{"start":{"line":525,"column":12},"end":{"line":525,"column":18244}},"45":{"start":{"line":533,"column":16},"end":{"line":533,"column":35}},"46":{"start":{"line":638,"column":8},"end":{"line":638,"column":21805}},"47":{"start":{"line":648,"column":8},"end":{"line":648,"column":81}},"48":{"start":{"line":649,"column":8},"end":{"line":649,"column":31}},"49":{"start":{"line":656,"column":8},"end":{"line":656,"column":40}},"50":{"start":{"line":657,"column":8},"end":{"line":657,"column":80}},"51":{"start":{"line":658,"column":8},"end":{"line":658,"column":20}},"52":{"start":{"line":665,"column":8},"end":{"line":665,"column":20}},"53":{"start":{"line":672,"column":8},"end":{"line":672,"column":22}},"54":{"start":{"line":679,"column":8},"end":{"line":679,"column":83}},"55":{"start":{"line":681,"column":8},"end":{"line":681,"column":42}},"56":{"start":{"line":682,"column":8},"end":{"line":682,"column":101}},"57":{"start":{"line":691,"column":8},"end":{"line":691,"column":17}},"58":{"start":{"line":698,"column":8},"end":{"line":698,"column":47}},"59":{"start":{"line":699,"column":8},"end":{"line":699,"column":64}},"60":{"start":{"line":701,"column":8},"end":{"line":701,"column":23874}},"61":{"start":{"line":706,"column":8},"end":{"line":706,"column":28}},"62":{"start":{"line":713,"column":8},"end":{"line":713,"column":80}},"63":{"start":{"line":715,"column":8},"end":{"line":715,"column":39}},"64":{"start":{"line":722,"column":8},"end":{"line":722,"column":69}},"65":{"start":{"line":725,"column":8},"end":{"line":725,"column":61}},"66":{"start":{"line":732,"column":8},"end":{"line":732,"column":50}},"67":{"start":{"line":744,"column":8},"end":{"line":744,"column":110}},"68":{"start":{"line":746,"column":8},"end":{"line":746,"column":35}},"69":{"start":{"line":757,"column":8},"end":{"line":757,"column":46}},"70":{"start":{"line":769,"column":8},"end":{"line":769,"column":110}},"71":{"start":{"line":770,"column":8},"end":{"line":770,"column":46}},"72":{"start":{"line":797,"column":8},"end":{"line":797,"column":35}},"73":{"start":{"line":798,"column":8},"end":{"line":798,"column":118}},"74":{"start":{"line":810,"column":8},"end":{"line":810,"column":45}},"75":{"start":{"line":821,"column":8},"end":{"line":821,"column":80}},"76":{"start":{"line":822,"column":8},"end":{"line":822,"column":47}},"77":{"start":{"line":823,"column":8},"end":{"line":823,"column":104}},"78":{"start":{"line":837,"column":8},"end":{"line":837,"column":33}},"79":{"start":{"line":849,"column":8},"end":{"line":849,"column":25}},"80":{"start":{"line":850,"column":8},"end":{"line":850,"column":29024}},"81":{"start":{"line":869,"column":8},"end":{"line":869,"column":68}},"82":{"start":{"line":870,"column":8},"end":{"line":870,"column":65}},"83":{"start":{"line":872,"column":8},"end":{"line":872,"column":52}},"84":{"start":{"line":877,"column":8},"end":{"line":877,"column":46}},"85":{"start":{"line":891,"column":8},"end":{"line":891,"column":47}},"86":{"start":{"line":893,"column":8},"end":{"line":893,"column":55}},"87":{"start":{"line":896,"column":8},"end":{"line":896,"column":36}},"88":{"start":{"line":901,"column":8},"end":{"line":901,"column":49}},"89":{"start":{"line":920,"column":8},"end":{"line":920,"column":92}},"90":{"start":{"line":921,"column":8},"end":{"line":921,"column":72}},"91":{"start":{"line":923,"column":8},"end":{"line":923,"column":46}},"92":{"start":{"line":926,"column":8},"end":{"line":926,"column":36}},"93":{"start":{"line":932,"column":8},"end":{"line":932,"column":40}},"94":{"start":{"line":942,"column":8},"end":{"line":942,"column":59}},"95":{"start":{"line":961,"column":8},"end":{"line":961,"column":32437}},"96":{"start":{"line":962,"column":12},"end":{"line":962,"column":32477}},"97":{"start":{"line":963,"column":16},"end":{"line":963,"column":74}},"98":{"start":{"line":965,"column":16},"end":{"line":965,"column":32723}},"99":{"start":{"line":966,"column":20},"end":{"line":966,"column":79}},"100":{"start":{"line":974,"column":12},"end":{"line":974,"column":23}},"101":{"start":{"line":1029,"column":8},"end":{"line":1029,"column":105}},"102":{"start":{"line":1036,"column":8},"end":{"line":1036,"column":94}},"103":{"start":{"line":1037,"column":8},"end":{"line":1037,"column":41}},"104":{"start":{"line":1044,"column":8},"end":{"line":1044,"column":32}},"105":{"start":{"line":1051,"column":8},"end":{"line":1051,"column":102}},"106":{"start":{"line":1052,"column":8},"end":{"line":1052,"column":32}},"107":{"start":{"line":1075,"column":8},"end":{"line":1075,"column":52}},"108":{"start":{"line":1077,"column":8},"end":{"line":1077,"column":36577}},"109":{"start":{"line":1078,"column":12},"end":{"line":1078,"column":51}},"110":{"start":{"line":1079,"column":15},"end":{"line":1079,"column":36674}},"111":{"start":{"line":1080,"column":12},"end":{"line":1080,"column":58}},"112":{"start":{"line":1082,"column":8},"end":{"line":1082,"column":36774}},"113":{"start":{"line":1083,"column":12},"end":{"line":1083,"column":56}},"114":{"start":{"line":1084,"column":15},"end":{"line":1084,"column":36874}},"115":{"start":{"line":1085,"column":12},"end":{"line":1085,"column":51}},"116":{"start":{"line":1095,"column":8},"end":{"line":1095,"column":45}},"117":{"start":{"line":1106,"column":8},"end":{"line":1106,"column":31}},"118":{"start":{"line":1121,"column":8},"end":{"line":1121,"column":59}},"119":{"start":{"line":1122,"column":8},"end":{"line":1122,"column":55}},"120":{"start":{"line":1125,"column":8},"end":{"line":1125,"column":38956}},"121":{"start":{"line":1126,"column":12},"end":{"line":1126,"column":68}},"122":{"start":{"line":1146,"column":8},"end":{"line":1146,"column":54}},"123":{"start":{"line":1147,"column":8},"end":{"line":1147,"column":53}},"124":{"start":{"line":1152,"column":8},"end":{"line":1152,"column":56}},"125":{"start":{"line":1159,"column":8},"end":{"line":1159,"column":23}},"126":{"start":{"line":1191,"column":8},"end":{"line":1191,"column":30}},"127":{"start":{"line":1198,"column":8},"end":{"line":1198,"column":21}},"128":{"start":{"line":1205,"column":8},"end":{"line":1205,"column":75}},"129":{"start":{"line":1217,"column":8},"end":{"line":1217,"column":28}},"130":{"start":{"line":1225,"column":8},"end":{"line":1225,"column":80}},"131":{"start":{"line":1226,"column":8},"end":{"line":1226,"column":26}},"132":{"start":{"line":1230,"column":8},"end":{"line":1230,"column":33}},"133":{"start":{"line":1232,"column":8},"end":{"line":1232,"column":53}},"134":{"start":{"line":1250,"column":8},"end":{"line":1250,"column":71}},"135":{"start":{"line":1255,"column":12},"end":{"line":1255,"column":42}},"136":{"start":{"line":1256,"column":12},"end":{"line":1256,"column":27}},"137":{"start":{"line":1257,"column":12},"end":{"line":1257,"column":35}},"138":{"start":{"line":1258,"column":12},"end":{"line":1258,"column":48}},"139":{"start":{"line":1259,"column":12},"end":{"line":1259,"column":53}},"140":{"start":{"line":1261,"column":12},"end":{"line":1261,"column":44070}},"141":{"start":{"line":1262,"column":12},"end":{"line":1262,"column":79}},"142":{"start":{"line":1265,"column":12},"end":{"line":1265,"column":44224}},"143":{"start":{"line":1266,"column":16},"end":{"line":1266,"column":41}},"144":{"start":{"line":1275,"column":12},"end":{"line":1275,"column":55}},"145":{"start":{"line":1276,"column":12},"end":{"line":1276,"column":70}},"146":{"start":{"line":1277,"column":12},"end":{"line":1277,"column":44611}},"147":{"start":{"line":1280,"column":12},"end":{"line":1280,"column":27}},"148":{"start":{"line":1290,"column":12},"end":{"line":1290,"column":44951}},"149":{"start":{"line":1295,"column":16},"end":{"line":1295,"column":57}},"150":{"start":{"line":1296,"column":16},"end":{"line":1296,"column":45181}},"151":{"start":{"line":1320,"column":12},"end":{"line":1320,"column":67}}},"branchMap":{"1":{"line":270,"type":"if","locations":[{"start":{"line":270,"column":8},"end":{"line":270,"column":8}},{"start":{"line":270,"column":8},"end":{"line":270,"column":8}}]},"2":{"line":292,"type":"if","locations":[{"start":{"line":292,"column":8},"end":{"line":292,"column":8}},{"start":{"line":292,"column":8},"end":{"line":292,"column":8}}]},"3":{"line":315,"type":"if","locations":[{"start":{"line":315,"column":8},"end":{"line":315,"column":8}},{"start":{"line":315,"column":8},"end":{"line":315,"column":8}}]},"4":{"line":376,"type":"if","locations":[{"start":{"line":376,"column":8},"end":{"line":376,"column":8}},{"start":{"line":376,"column":8},"end":{"line":376,"column":8}}]},"5":{"line":379,"type":"if","locations":[{"start":{"line":379,"column":8},"end":{"line":379,"column":8}},{"start":{"line":379,"column":8},"end":{"line":379,"column":8}}]},"6":{"line":449,"type":"if","locations":[{"start":{"line":449,"column":8},"end":{"line":449,"column":8}},{"start":{"line":449,"column":8},"end":{"line":449,"column":8}}]},"7":{"line":450,"type":"if","locations":[{"start":{"line":450,"column":8},"end":{"line":450,"column":8}},{"start":{"line":450,"column":8},"end":{"line":450,"column":8}}]},"8":{"line":477,"type":"if","locations":[{"start":{"line":477,"column":8},"end":{"line":477,"column":8}},{"start":{"line":477,"column":8},"end":{"line":477,"column":8}}]},"9":{"line":504,"type":"if","locations":[{"start":{"line":504,"column":8},"end":{"line":504,"column":8}},{"start":{"line":504,"column":8},"end":{"line":504,"column":8}}]},"10":{"line":521,"type":"if","locations":[{"start":{"line":521,"column":8},"end":{"line":521,"column":8}},{"start":{"line":521,"column":8},"end":{"line":521,"column":8}}]},"11":{"line":525,"type":"if","locations":[{"start":{"line":525,"column":12},"end":{"line":525,"column":12}},{"start":{"line":525,"column":12},"end":{"line":525,"column":12}}]},"12":{"line":639,"type":"cond-expr","locations":[{"start":{"line":639,"column":12},"end":{"line":639,"column":51}},{"start":{"line":640,"column":12},"end":{"line":640,"column":59}}]},"13":{"line":639,"type":"cond-expr","locations":[{"start":{"line":639,"column":12},"end":{"line":640,"column":59}},{"start":{"line":641,"column":12},"end":{"line":641,"column":47}}]},"14":{"line":648,"type":"if","locations":[{"start":{"line":648,"column":8},"end":{"line":648,"column":8}},{"start":{"line":648,"column":8},"end":{"line":648,"column":8}}]},"15":{"line":657,"type":"if","locations":[{"start":{"line":657,"column":8},"end":{"line":657,"column":8}},{"start":{"line":657,"column":8},"end":{"line":657,"column":8}}]},"16":{"line":679,"type":"if","locations":[{"start":{"line":679,"column":8},"end":{"line":679,"column":8}},{"start":{"line":679,"column":8},"end":{"line":679,"column":8}}]},"17":{"line":682,"type":"if","locations":[{"start":{"line":682,"column":43},"end":{"line":682,"column":95}},{"start":{"line":682,"column":99},"end":{"line":682,"column":100}}]},"18":{"line":699,"type":"if","locations":[{"start":{"line":699,"column":8},"end":{"line":699,"column":8}},{"start":{"line":699,"column":8},"end":{"line":699,"column":8}}]},"19":{"line":701,"type":"if","locations":[{"start":{"line":701,"column":8},"end":{"line":701,"column":8}},{"start":{"line":701,"column":8},"end":{"line":701,"column":8}}]},"20":{"line":702,"type":"cond-expr","locations":[{"start":{"line":702,"column":12},"end":{"line":702,"column":32}},{"start":{"line":702,"column":37},"end":{"line":702,"column":73}}]},"21":{"line":713,"type":"if","locations":[{"start":{"line":713,"column":8},"end":{"line":713,"column":8}},{"start":{"line":713,"column":8},"end":{"line":713,"column":8}}]},"22":{"line":722,"type":"if","locations":[{"start":{"line":722,"column":8},"end":{"line":722,"column":8}},{"start":{"line":722,"column":8},"end":{"line":722,"column":8}}]},"23":{"line":744,"type":"if","locations":[{"start":{"line":744,"column":8},"end":{"line":744,"column":8}},{"start":{"line":744,"column":8},"end":{"line":744,"column":8}}]},"24":{"line":769,"type":"if","locations":[{"start":{"line":769,"column":8},"end":{"line":769,"column":8}},{"start":{"line":769,"column":8},"end":{"line":769,"column":8}}]},"25":{"line":798,"type":"if","locations":[{"start":{"line":798,"column":8},"end":{"line":798,"column":8}},{"start":{"line":798,"column":8},"end":{"line":798,"column":8}}]},"26":{"line":821,"type":"if","locations":[{"start":{"line":821,"column":8},"end":{"line":821,"column":8}},{"start":{"line":821,"column":8},"end":{"line":821,"column":8}}]},"27":{"line":823,"type":"cond-expr","locations":[{"start":{"line":823,"column":16},"end":{"line":823,"column":31}},{"start":{"line":823,"column":36},"end":{"line":823,"column":66}}]},"28":{"line":823,"type":"cond-expr","locations":[{"start":{"line":823,"column":16},"end":{"line":823,"column":66}},{"start":{"line":823,"column":71},"end":{"line":823,"column":102}}]},"29":{"line":850,"type":"if","locations":[{"start":{"line":850,"column":8},"end":{"line":850,"column":8}},{"start":{"line":850,"column":8},"end":{"line":850,"column":8}}]},"30":{"line":869,"type":"if","locations":[{"start":{"line":869,"column":8},"end":{"line":869,"column":8}},{"start":{"line":869,"column":8},"end":{"line":869,"column":8}}]},"31":{"line":870,"type":"if","locations":[{"start":{"line":870,"column":8},"end":{"line":870,"column":8}},{"start":{"line":870,"column":8},"end":{"line":870,"column":8}}]},"32":{"line":920,"type":"if","locations":[{"start":{"line":920,"column":8},"end":{"line":920,"column":8}},{"start":{"line":920,"column":8},"end":{"line":920,"column":8}}]},"33":{"line":921,"type":"if","locations":[{"start":{"line":921,"column":8},"end":{"line":921,"column":8}},{"start":{"line":921,"column":8},"end":{"line":921,"column":8}}]},"34":{"line":961,"type":"if","locations":[{"start":{"line":961,"column":8},"end":{"line":961,"column":8}},{"start":{"line":961,"column":8},"end":{"line":961,"column":8}}]},"35":{"line":965,"type":"if","locations":[{"start":{"line":965,"column":16},"end":{"line":965,"column":16}},{"start":{"line":965,"column":16},"end":{"line":965,"column":16}}]},"36":{"line":1029,"type":"cond-expr","locations":[{"start":{"line":1029,"column":15},"end":{"line":1029,"column":64}},{"start":{"line":1029,"column":69},"end":{"line":1029,"column":104}}]},"37":{"line":1036,"type":"if","locations":[{"start":{"line":1036,"column":8},"end":{"line":1036,"column":8}},{"start":{"line":1036,"column":8},"end":{"line":1036,"column":8}}]},"38":{"line":1051,"type":"if","locations":[{"start":{"line":1051,"column":8},"end":{"line":1051,"column":8}},{"start":{"line":1051,"column":8},"end":{"line":1051,"column":8}}]},"39":{"line":1077,"type":"if","locations":[{"start":{"line":1077,"column":8},"end":{"line":1077,"column":8}},{"start":{"line":1077,"column":8},"end":{"line":1077,"column":8}}]},"40":{"line":1079,"type":"if","locations":[{"start":{"line":1079,"column":15},"end":{"line":1079,"column":15}},{"start":{"line":1079,"column":15},"end":{"line":1079,"column":15}}]},"41":{"line":1082,"type":"if","locations":[{"start":{"line":1082,"column":8},"end":{"line":1082,"column":8}},{"start":{"line":1082,"column":8},"end":{"line":1082,"column":8}}]},"42":{"line":1084,"type":"if","locations":[{"start":{"line":1084,"column":15},"end":{"line":1084,"column":15}},{"start":{"line":1084,"column":15},"end":{"line":1084,"column":15}}]},"43":{"line":1125,"type":"if","locations":[{"start":{"line":1125,"column":8},"end":{"line":1125,"column":8}},{"start":{"line":1125,"column":8},"end":{"line":1125,"column":8}}]},"44":{"line":1205,"type":"if","locations":[{"start":{"line":1205,"column":8},"end":{"line":1205,"column":8}},{"start":{"line":1205,"column":8},"end":{"line":1205,"column":8}}]},"45":{"line":1216,"type":"if","locations":[{"start":{"line":1216,"column":48},"end":{"line":1216,"column":48}},{"start":{"line":1216,"column":48},"end":{"line":1216,"column":48}}]},"46":{"line":1224,"type":"if","locations":[{"start":{"line":1224,"column":64},"end":{"line":1224,"column":64}},{"start":{"line":1224,"column":64},"end":{"line":1224,"column":64}}]},"47":{"line":1225,"type":"if","locations":[{"start":{"line":1225,"column":8},"end":{"line":1225,"column":8}},{"start":{"line":1225,"column":8},"end":{"line":1225,"column":8}}]},"48":{"line":1256,"type":"if","locations":[{"start":{"line":1256,"column":12},"end":{"line":1256,"column":12}},{"start":{"line":1256,"column":12},"end":{"line":1256,"column":12}}]},"49":{"line":1257,"type":"if","locations":[{"start":{"line":1257,"column":12},"end":{"line":1257,"column":12}},{"start":{"line":1257,"column":12},"end":{"line":1257,"column":12}}]},"50":{"line":1258,"type":"if","locations":[{"start":{"line":1258,"column":12},"end":{"line":1258,"column":12}},{"start":{"line":1258,"column":12},"end":{"line":1258,"column":12}}]},"51":{"line":1259,"type":"if","locations":[{"start":{"line":1259,"column":12},"end":{"line":1259,"column":12}},{"start":{"line":1259,"column":12},"end":{"line":1259,"column":12}}]},"52":{"line":1261,"type":"if","locations":[{"start":{"line":1261,"column":12},"end":{"line":1261,"column":12}},{"start":{"line":1261,"column":12},"end":{"line":1261,"column":12}}]},"53":{"line":1262,"type":"if","locations":[{"start":{"line":1262,"column":12},"end":{"line":1262,"column":12}},{"start":{"line":1262,"column":12},"end":{"line":1262,"column":12}}]},"54":{"line":1290,"type":"if","locations":[{"start":{"line":1290,"column":12},"end":{"line":1290,"column":12}},{"start":{"line":1290,"column":12},"end":{"line":1290,"column":12}}]},"55":{"line":1298,"type":"if","locations":[{"start":{"line":1298,"column":18},"end":{"line":1298,"column":92}},{"start":{"line":1299,"column":18},"end":{"line":1299,"column":19}}]},"56":{"line":1303,"type":"if","locations":[{"start":{"line":1303,"column":68},"end":{"line":1303,"column":68}},{"start":{"line":1303,"column":68},"end":{"line":1303,"column":68}}]},"57":{"line":1307,"type":"if","locations":[{"start":{"line":1307,"column":62},"end":{"line":1307,"column":62}},{"start":{"line":1307,"column":62},"end":{"line":1307,"column":62}}]},"58":{"line":1311,"type":"if","locations":[{"start":{"line":1311,"column":74},"end":{"line":1311,"column":74}},{"start":{"line":1311,"column":74},"end":{"line":1311,"column":74}}]},"59":{"line":1315,"type":"if","locations":[{"start":{"line":1315,"column":43},"end":{"line":1315,"column":43}},{"start":{"line":1315,"column":43},"end":{"line":1315,"column":43}}]},"60":{"line":1319,"type":"if","locations":[{"start":{"line":1319,"column":43},"end":{"line":1319,"column":43}},{"start":{"line":1319,"column":43},"end":{"line":1319,"column":43}}]},"61":{"line":1320,"type":"if","locations":[{"start":{"line":1320,"column":12},"end":{"line":1320,"column":12}},{"start":{"line":1320,"column":12},"end":{"line":1320,"column":12}}]}}},"contracts\\NFT_contract.sol":{"l":{"213":0,"236":0,"237":0,"239":0,"240":0,"241":0,"242":0,"243":0,"245":0,"246":0,"247":0,"248":0,"249":0,"251":0,"258":0,"259":0,"261":0,"262":0,"263":0,"264":0,"265":0,"267":0,"274":0,"275":0,"276":0,"277":0,"278":0,"279":0,"281":0,"282":0,"318":5,"319":5,"322":5,"342":0,"344":0,"345":0,"367":0,"381":0,"400":0,"415":0,"416":0,"418":0,"419":0,"429":0,"443":0,"445":0,"446":0,"456":0,"470":0,"472":0,"473":0,"487":0,"488":0,"491":0,"494":0,"499":0,"576":4,"580":0,"618":1,"619":1,"626":0,"636":12,"637":12,"644":0,"645":0,"646":0,"653":0,"660":0,"667":0,"669":0,"670":0,"679":0,"686":0,"687":0,"689":0,"694":0,"701":0,"703":0,"710":0,"712":0,"713":0,"720":0,"732":0,"734":0,"745":0,"757":0,"758":0,"785":0,"786":0,"798":5,"809":0,"810":0,"811":0,"825":5,"837":5,"838":5,"857":5,"858":5,"860":5,"862":5,"863":5,"865":5,"879":0,"881":0,"884":0,"886":0,"887":0,"889":0,"908":0,"909":0,"911":0,"914":0,"916":0,"917":0,"918":0,"920":0,"929":0,"930":0,"949":5,"950":0,"951":0,"953":0,"954":0,"956":0,"962":5,"1017":0,"1024":2,"1025":2,"1032":8,"1039":0,"1040":0,"1063":5,"1065":5,"1066":5,"1068":0,"1070":5,"1071":0,"1073":5,"1083":5,"1084":5,"1085":5,"1093":5,"1094":5,"1109":0,"1110":0,"1113":0,"1114":0,"1116":0,"1117":0,"1121":0,"1122":0,"1134":0,"1135":0,"1140":0,"1142":0,"1143":0,"1146":0,"1147":0,"1175":1,"1182":7,"1189":3,"1190":3,"1201":0,"1209":0,"1210":0,"1214":1,"1215":1,"1216":1,"1240":1,"1241":1,"1246":0,"1251":8,"1252":8,"1253":7,"1254":6,"1255":4,"1257":4,"1258":3,"1261":3,"1262":5,"1271":1,"1272":1,"1273":1,"1274":2,"1276":1,"1286":0,"1291":0,"1292":0,"1295":0,"1296":0,"1303":0,"1307":0,"1311":0,"1315":1,"1319":1,"1323":0,"1327":1,"1335":0,"1336":0},"path":"C:\\Users\\leruo\\Desktop\\WTC 2026\\BLOCKCHAIN TECHNOLOGY\\Workshops with Karabo\\Week 5\\NFT_ERC721\\contracts\\NFT_contract.sol","s":{"1":0,"2":0,"3":0,"4":0,"5":0,"6":0,"7":0,"8":0,"9":0,"10":0,"11":0,"12":0,"13":0,"14":0,"15":0,"16":0,"17":0,"18":0,"19":0,"20":5,"21":5,"22":0,"23":0,"24":0,"25":0,"26":0,"27":0,"28":0,"29":0,"30":0,"31":0,"32":0,"33":0,"34":0,"35":0,"36":0,"37":0,"38":0,"39":0,"40":0,"41":0,"42":0,"43":0,"44":4,"45":0,"46":0,"47":12,"48":12,"49":0,"50":0,"51":0,"52":0,"53":0,"54":0,"55":0,"56":0,"57":0,"58":0,"59":0,"60":0,"61":0,"62":0,"63":0,"64":0,"65":0,"66":0,"67":0,"68":0,"69":0,"70":0,"71":0,"72":0,"73":0,"74":5,"75":0,"76":0,"77":0,"78":5,"79":5,"80":5,"81":5,"82":5,"83":5,"84":5,"85":0,"86":0,"87":0,"88":0,"89":0,"90":0,"91":0,"92":0,"93":0,"94":0,"95":5,"96":0,"97":0,"98":0,"99":0,"100":5,"101":0,"102":2,"103":2,"104":8,"105":0,"106":0,"107":5,"108":5,"109":5,"110":0,"111":0,"112":5,"113":0,"114":5,"115":5,"116":5,"117":5,"118":0,"119":0,"120":0,"121":0,"122":0,"123":0,"124":0,"125":0,"126":1,"127":7,"128":3,"129":0,"130":0,"131":0,"132":1,"133":1,"134":1,"135":1,"136":0,"137":8,"138":8,"139":7,"140":6,"141":4,"142":4,"143":3,"144":3,"145":5,"146":1,"147":1,"148":1,"149":1,"150":0,"151":0,"152":0,"153":0,"154":0,"155":0,"156":0},"b":{"1":[0,0],"2":[0,0],"3":[0,0],"4":[0,0],"5":[0,0],"6":[0,0],"7":[0,0],"8":[0,0],"9":[0,0],"10":[0,0],"11":[0,0],"12":[0,0],"13":[0,0],"14":[12,0],"15":[0,0],"16":[0,0],"17":[0,0],"18":[0,0],"19":[0,0],"20":[0,0],"21":[0,0],"22":[0,0],"23":[0,0],"24":[0,0],"25":[0,0],"26":[0,0],"27":[0,0],"28":[0,0],"29":[5,0],"30":[5,0],"31":[5,0],"32":[0,0],"33":[0,0],"34":[0,5],"35":[0,0],"36":[0,0],"37":[2,0],"38":[0,0],"39":[5,0],"40":[0,0],"41":[0,5],"42":[5,0],"43":[0,0],"44":[3,0],"45":[0,0],"46":[0,0],"47":[0,0],"48":[7,1],"49":[6,1],"50":[4,2],"51":[4,0],"52":[3,1],"53":[2,1],"54":[0,0],"55":[0,0],"56":[0,0],"57":[0,0],"58":[0,0],"59":[0,0],"60":[1,0],"61":[1,0],"62":[0,0],"63":[1,0],"64":[0,0],"65":[0,0]},"f":{"1":0,"2":0,"3":0,"4":0,"5":5,"6":0,"7":0,"8":0,"9":0,"10":0,"11":0,"12":0,"13":0,"14":0,"15":0,"16":4,"17":0,"18":1,"19":0,"20":12,"21":0,"22":0,"23":0,"24":0,"25":0,"26":0,"27":0,"28":0,"29":0,"30":0,"31":0,"32":0,"33":0,"34":5,"35":0,"36":5,"37":5,"38":5,"39":0,"40":0,"41":0,"42":5,"43":5,"44":0,"45":2,"46":8,"47":0,"48":5,"49":5,"50":5,"51":0,"52":0,"53":1,"54":7,"55":3,"56":0,"57":0,"58":1,"59":1,"60":0,"61":8,"62":1,"63":0,"64":0,"65":0,"66":0,"67":1,"68":1,"69":0,"70":1,"71":0},"fnMap":{"1":{"name":"supportsInterface","line":212,"loc":{"start":{"line":212,"column":4},"end":{"line":214,"column":4}}},"2":{"name":"toString","line":232,"loc":{"start":{"line":232,"column":4},"end":{"line":252,"column":4}}},"3":{"name":"toHexString","line":257,"loc":{"start":{"line":257,"column":4},"end":{"line":268,"column":4}}},"4":{"name":"toHexString","line":273,"loc":{"start":{"line":273,"column":4},"end":{"line":283,"column":4}}},"5":{"name":"isContract","line":313,"loc":{"start":{"line":313,"column":4},"end":{"line":323,"column":4}}},"6":{"name":"sendValue","line":341,"loc":{"start":{"line":341,"column":4},"end":{"line":346,"column":4}}},"7":{"name":"functionCall","line":366,"loc":{"start":{"line":366,"column":4},"end":{"line":368,"column":4}}},"8":{"name":"functionCall","line":376,"loc":{"start":{"line":376,"column":4},"end":{"line":382,"column":4}}},"9":{"name":"functionCallWithValue","line":395,"loc":{"start":{"line":395,"column":4},"end":{"line":401,"column":4}}},"10":{"name":"functionCallWithValue","line":409,"loc":{"start":{"line":409,"column":4},"end":{"line":420,"column":4}}},"11":{"name":"functionStaticCall","line":428,"loc":{"start":{"line":428,"column":4},"end":{"line":430,"column":4}}},"12":{"name":"functionStaticCall","line":438,"loc":{"start":{"line":438,"column":4},"end":{"line":447,"column":4}}},"13":{"name":"functionDelegateCall","line":455,"loc":{"start":{"line":455,"column":4},"end":{"line":457,"column":4}}},"14":{"name":"functionDelegateCall","line":465,"loc":{"start":{"line":465,"column":4},"end":{"line":474,"column":4}}},"15":{"name":"verifyCallResult","line":482,"loc":{"start":{"line":482,"column":4},"end":{"line":502,"column":4}}},"16":{"name":"_msgSender","line":575,"loc":{"start":{"line":575,"column":4},"end":{"line":577,"column":4}}},"17":{"name":"_msgData","line":579,"loc":{"start":{"line":579,"column":4},"end":{"line":581,"column":4}}},"18":{"name":"constructor","line":617,"loc":{"start":{"line":617,"column":4},"end":{"line":620,"column":4}}},"19":{"name":"supportsInterface","line":625,"loc":{"start":{"line":625,"column":4},"end":{"line":630,"column":4}}},"20":{"name":"balanceOf","line":635,"loc":{"start":{"line":635,"column":4},"end":{"line":638,"column":4}}},"21":{"name":"ownerOf","line":643,"loc":{"start":{"line":643,"column":4},"end":{"line":647,"column":4}}},"22":{"name":"name","line":652,"loc":{"start":{"line":652,"column":4},"end":{"line":654,"column":4}}},"23":{"name":"symbol","line":659,"loc":{"start":{"line":659,"column":4},"end":{"line":661,"column":4}}},"24":{"name":"tokenURI","line":666,"loc":{"start":{"line":666,"column":4},"end":{"line":671,"column":4}}},"25":{"name":"_baseURI","line":678,"loc":{"start":{"line":678,"column":4},"end":{"line":680,"column":4}}},"26":{"name":"approve","line":685,"loc":{"start":{"line":685,"column":4},"end":{"line":695,"column":4}}},"27":{"name":"getApproved","line":700,"loc":{"start":{"line":700,"column":4},"end":{"line":704,"column":4}}},"28":{"name":"setApprovalForAll","line":709,"loc":{"start":{"line":709,"column":4},"end":{"line":714,"column":4}}},"29":{"name":"isApprovedForAll","line":719,"loc":{"start":{"line":719,"column":4},"end":{"line":721,"column":4}}},"30":{"name":"transferFrom","line":726,"loc":{"start":{"line":726,"column":4},"end":{"line":735,"column":4}}},"31":{"name":"safeTransferFrom","line":740,"loc":{"start":{"line":740,"column":4},"end":{"line":746,"column":4}}},"32":{"name":"safeTransferFrom","line":751,"loc":{"start":{"line":751,"column":4},"end":{"line":759,"column":4}}},"33":{"name":"_safeTransfer","line":779,"loc":{"start":{"line":779,"column":4},"end":{"line":787,"column":4}}},"34":{"name":"_exists","line":797,"loc":{"start":{"line":797,"column":4},"end":{"line":799,"column":4}}},"35":{"name":"_isApprovedOrOwner","line":808,"loc":{"start":{"line":808,"column":4},"end":{"line":812,"column":4}}},"36":{"name":"_safeMint","line":824,"loc":{"start":{"line":824,"column":4},"end":{"line":826,"column":4}}},"37":{"name":"_safeMint","line":832,"loc":{"start":{"line":832,"column":4},"end":{"line":842,"column":4}}},"38":{"name":"_mint","line":856,"loc":{"start":{"line":856,"column":4},"end":{"line":866,"column":4}}},"39":{"name":"_burn","line":878,"loc":{"start":{"line":878,"column":4},"end":{"line":890,"column":4}}},"40":{"name":"_transfer","line":903,"loc":{"start":{"line":903,"column":4},"end":{"line":921,"column":4}}},"41":{"name":"_approve","line":928,"loc":{"start":{"line":928,"column":4},"end":{"line":931,"column":4}}},"42":{"name":"_checkOnERC721Received","line":943,"loc":{"start":{"line":943,"column":4},"end":{"line":964,"column":4}}},"43":{"name":"_beforeTokenTransfer","line":980,"loc":{"start":{"line":980,"column":4},"end":{"line":984,"column":24}}},"44":{"name":"supportsInterface","line":1016,"loc":{"start":{"line":1016,"column":4},"end":{"line":1018,"column":4}}},"45":{"name":"tokenOfOwnerByIndex","line":1023,"loc":{"start":{"line":1023,"column":4},"end":{"line":1026,"column":4}}},"46":{"name":"totalSupply","line":1031,"loc":{"start":{"line":1031,"column":4},"end":{"line":1033,"column":4}}},"47":{"name":"tokenByIndex","line":1038,"loc":{"start":{"line":1038,"column":4},"end":{"line":1041,"column":4}}},"48":{"name":"_beforeTokenTransfer","line":1058,"loc":{"start":{"line":1058,"column":4},"end":{"line":1075,"column":4}}},"49":{"name":"_addTokenToOwnerEnumeration","line":1082,"loc":{"start":{"line":1082,"column":4},"end":{"line":1086,"column":4}}},"50":{"name":"_addTokenToAllTokensEnumeration","line":1092,"loc":{"start":{"line":1092,"column":4},"end":{"line":1095,"column":4}}},"51":{"name":"_removeTokenFromOwnerEnumeration","line":1105,"loc":{"start":{"line":1105,"column":4},"end":{"line":1123,"column":4}}},"52":{"name":"_removeTokenFromAllTokensEnumeration","line":1130,"loc":{"start":{"line":1130,"column":4},"end":{"line":1148,"column":4}}},"53":{"name":"constructor","line":1174,"loc":{"start":{"line":1174,"column":4},"end":{"line":1176,"column":4}}},"54":{"name":"owner","line":1181,"loc":{"start":{"line":1181,"column":4},"end":{"line":1183,"column":4}}},"55":{"name":"onlyOwner","line":1188,"loc":{"start":{"line":1188,"column":4},"end":{"line":1191,"column":4}}},"56":{"name":"renounceOwnership","line":1200,"loc":{"start":{"line":1200,"column":4},"end":{"line":1202,"column":4}}},"57":{"name":"transferOwnership","line":1208,"loc":{"start":{"line":1208,"column":4},"end":{"line":1211,"column":4}}},"58":{"name":"_setOwner","line":1213,"loc":{"start":{"line":1213,"column":4},"end":{"line":1217,"column":4}}},"59":{"name":"constructor","line":1239,"loc":{"start":{"line":1234,"column":2},"end":{"line":1242,"column":2}}},"60":{"name":"_baseURI","line":1245,"loc":{"start":{"line":1245,"column":2},"end":{"line":1247,"column":2}}},"61":{"name":"mint","line":1250,"loc":{"start":{"line":1250,"column":2},"end":{"line":1264,"column":2}}},"62":{"name":"walletOfOwner","line":1266,"loc":{"start":{"line":1266,"column":2},"end":{"line":1277,"column":2}}},"63":{"name":"tokenURI","line":1279,"loc":{"start":{"line":1279,"column":2},"end":{"line":1299,"column":2}}},"64":{"name":"reveal","line":1302,"loc":{"start":{"line":1302,"column":2},"end":{"line":1304,"column":2}}},"65":{"name":"setCost","line":1306,"loc":{"start":{"line":1306,"column":2},"end":{"line":1308,"column":2}}},"66":{"name":"setmaxMintAmount","line":1310,"loc":{"start":{"line":1310,"column":2},"end":{"line":1312,"column":2}}},"67":{"name":"setNotRevealedURI","line":1314,"loc":{"start":{"line":1314,"column":2},"end":{"line":1316,"column":2}}},"68":{"name":"setBaseURI","line":1318,"loc":{"start":{"line":1318,"column":2},"end":{"line":1320,"column":2}}},"69":{"name":"setBaseExtension","line":1322,"loc":{"start":{"line":1322,"column":2},"end":{"line":1324,"column":2}}},"70":{"name":"pause","line":1326,"loc":{"start":{"line":1326,"column":2},"end":{"line":1328,"column":2}}},"71":{"name":"withdraw","line":1330,"loc":{"start":{"line":1330,"column":2},"end":{"line":1338,"column":2}}}},"statementMap":{"1":{"start":{"line":213,"column":8},"end":{"line":213,"column":55}},"2":{"start":{"line":236,"column":8},"end":{"line":236,"column":8197}},"3":{"start":{"line":237,"column":12},"end":{"line":237,"column":22}},"4":{"start":{"line":239,"column":8},"end":{"line":239,"column":28}},"5":{"start":{"line":240,"column":8},"end":{"line":240,"column":22}},"6":{"start":{"line":241,"column":8},"end":{"line":241,"column":8316}},"7":{"start":{"line":245,"column":8},"end":{"line":245,"column":47}},"8":{"start":{"line":246,"column":8},"end":{"line":246,"column":8454}},"9":{"start":{"line":251,"column":8},"end":{"line":251,"column":29}},"10":{"start":{"line":258,"column":8},"end":{"line":258,"column":8842}},"11":{"start":{"line":259,"column":12},"end":{"line":259,"column":25}},"12":{"start":{"line":261,"column":8},"end":{"line":261,"column":28}},"13":{"start":{"line":262,"column":8},"end":{"line":262,"column":26}},"14":{"start":{"line":263,"column":8},"end":{"line":263,"column":8968}},"15":{"start":{"line":267,"column":8},"end":{"line":267,"column":41}},"16":{"start":{"line":274,"column":8},"end":{"line":274,"column":55}},"17":{"start":{"line":277,"column":8},"end":{"line":277,"column":9436}},"18":{"start":{"line":281,"column":8},"end":{"line":281,"column":62}},"19":{"start":{"line":282,"column":8},"end":{"line":282,"column":29}},"20":{"start":{"line":318,"column":8},"end":{"line":318,"column":20}},"21":{"start":{"line":322,"column":8},"end":{"line":322,"column":23}},"22":{"start":{"line":342,"column":8},"end":{"line":342,"column":80}},"23":{"start":{"line":344,"column":8},"end":{"line":344,"column":60}},"24":{"start":{"line":345,"column":8},"end":{"line":345,"column":85}},"25":{"start":{"line":367,"column":8},"end":{"line":367,"column":75}},"26":{"start":{"line":381,"column":8},"end":{"line":381,"column":67}},"27":{"start":{"line":400,"column":8},"end":{"line":400,"column":102}},"28":{"start":{"line":415,"column":8},"end":{"line":415,"column":88}},"29":{"start":{"line":416,"column":8},"end":{"line":416,"column":67}},"30":{"start":{"line":418,"column":8},"end":{"line":418,"column":81}},"31":{"start":{"line":419,"column":8},"end":{"line":419,"column":66}},"32":{"start":{"line":429,"column":8},"end":{"line":429,"column":88}},"33":{"start":{"line":443,"column":8},"end":{"line":443,"column":74}},"34":{"start":{"line":445,"column":8},"end":{"line":445,"column":73}},"35":{"start":{"line":446,"column":8},"end":{"line":446,"column":66}},"36":{"start":{"line":456,"column":8},"end":{"line":456,"column":92}},"37":{"start":{"line":470,"column":8},"end":{"line":470,"column":76}},"38":{"start":{"line":472,"column":8},"end":{"line":472,"column":75}},"39":{"start":{"line":473,"column":8},"end":{"line":473,"column":66}},"40":{"start":{"line":487,"column":8},"end":{"line":487,"column":17236}},"41":{"start":{"line":488,"column":12},"end":{"line":488,"column":29}},"42":{"start":{"line":491,"column":12},"end":{"line":491,"column":17385}},"43":{"start":{"line":499,"column":16},"end":{"line":499,"column":35}},"44":{"start":{"line":576,"column":8},"end":{"line":576,"column":25}},"45":{"start":{"line":580,"column":8},"end":{"line":580,"column":23}},"46":{"start":{"line":626,"column":8},"end":{"line":626,"column":21777}},"47":{"start":{"line":636,"column":8},"end":{"line":636,"column":81}},"48":{"start":{"line":637,"column":8},"end":{"line":637,"column":31}},"49":{"start":{"line":644,"column":8},"end":{"line":644,"column":40}},"50":{"start":{"line":645,"column":8},"end":{"line":645,"column":80}},"51":{"start":{"line":646,"column":8},"end":{"line":646,"column":20}},"52":{"start":{"line":653,"column":8},"end":{"line":653,"column":20}},"53":{"start":{"line":660,"column":8},"end":{"line":660,"column":22}},"54":{"start":{"line":667,"column":8},"end":{"line":667,"column":83}},"55":{"start":{"line":669,"column":8},"end":{"line":669,"column":42}},"56":{"start":{"line":670,"column":8},"end":{"line":670,"column":101}},"57":{"start":{"line":679,"column":8},"end":{"line":679,"column":17}},"58":{"start":{"line":686,"column":8},"end":{"line":686,"column":47}},"59":{"start":{"line":687,"column":8},"end":{"line":687,"column":64}},"60":{"start":{"line":689,"column":8},"end":{"line":689,"column":23846}},"61":{"start":{"line":694,"column":8},"end":{"line":694,"column":28}},"62":{"start":{"line":701,"column":8},"end":{"line":701,"column":80}},"63":{"start":{"line":703,"column":8},"end":{"line":703,"column":39}},"64":{"start":{"line":710,"column":8},"end":{"line":710,"column":69}},"65":{"start":{"line":713,"column":8},"end":{"line":713,"column":61}},"66":{"start":{"line":720,"column":8},"end":{"line":720,"column":50}},"67":{"start":{"line":732,"column":8},"end":{"line":732,"column":110}},"68":{"start":{"line":734,"column":8},"end":{"line":734,"column":35}},"69":{"start":{"line":745,"column":8},"end":{"line":745,"column":46}},"70":{"start":{"line":757,"column":8},"end":{"line":757,"column":110}},"71":{"start":{"line":758,"column":8},"end":{"line":758,"column":46}},"72":{"start":{"line":785,"column":8},"end":{"line":785,"column":35}},"73":{"start":{"line":786,"column":8},"end":{"line":786,"column":118}},"74":{"start":{"line":798,"column":8},"end":{"line":798,"column":45}},"75":{"start":{"line":809,"column":8},"end":{"line":809,"column":80}},"76":{"start":{"line":810,"column":8},"end":{"line":810,"column":47}},"77":{"start":{"line":811,"column":8},"end":{"line":811,"column":104}},"78":{"start":{"line":825,"column":8},"end":{"line":825,"column":33}},"79":{"start":{"line":837,"column":8},"end":{"line":837,"column":25}},"80":{"start":{"line":838,"column":8},"end":{"line":838,"column":28996}},"81":{"start":{"line":857,"column":8},"end":{"line":857,"column":68}},"82":{"start":{"line":858,"column":8},"end":{"line":858,"column":65}},"83":{"start":{"line":860,"column":8},"end":{"line":860,"column":52}},"84":{"start":{"line":865,"column":8},"end":{"line":865,"column":46}},"85":{"start":{"line":879,"column":8},"end":{"line":879,"column":47}},"86":{"start":{"line":881,"column":8},"end":{"line":881,"column":55}},"87":{"start":{"line":884,"column":8},"end":{"line":884,"column":36}},"88":{"start":{"line":889,"column":8},"end":{"line":889,"column":49}},"89":{"start":{"line":908,"column":8},"end":{"line":908,"column":92}},"90":{"start":{"line":909,"column":8},"end":{"line":909,"column":72}},"91":{"start":{"line":911,"column":8},"end":{"line":911,"column":46}},"92":{"start":{"line":914,"column":8},"end":{"line":914,"column":36}},"93":{"start":{"line":920,"column":8},"end":{"line":920,"column":40}},"94":{"start":{"line":930,"column":8},"end":{"line":930,"column":59}},"95":{"start":{"line":949,"column":8},"end":{"line":949,"column":32409}},"96":{"start":{"line":950,"column":12},"end":{"line":950,"column":32449}},"97":{"start":{"line":951,"column":16},"end":{"line":951,"column":74}},"98":{"start":{"line":953,"column":16},"end":{"line":953,"column":32695}},"99":{"start":{"line":954,"column":20},"end":{"line":954,"column":79}},"100":{"start":{"line":962,"column":12},"end":{"line":962,"column":23}},"101":{"start":{"line":1017,"column":8},"end":{"line":1017,"column":105}},"102":{"start":{"line":1024,"column":8},"end":{"line":1024,"column":94}},"103":{"start":{"line":1025,"column":8},"end":{"line":1025,"column":41}},"104":{"start":{"line":1032,"column":8},"end":{"line":1032,"column":32}},"105":{"start":{"line":1039,"column":8},"end":{"line":1039,"column":102}},"106":{"start":{"line":1040,"column":8},"end":{"line":1040,"column":32}},"107":{"start":{"line":1063,"column":8},"end":{"line":1063,"column":52}},"108":{"start":{"line":1065,"column":8},"end":{"line":1065,"column":36549}},"109":{"start":{"line":1066,"column":12},"end":{"line":1066,"column":51}},"110":{"start":{"line":1067,"column":15},"end":{"line":1067,"column":36646}},"111":{"start":{"line":1068,"column":12},"end":{"line":1068,"column":58}},"112":{"start":{"line":1070,"column":8},"end":{"line":1070,"column":36746}},"113":{"start":{"line":1071,"column":12},"end":{"line":1071,"column":56}},"114":{"start":{"line":1072,"column":15},"end":{"line":1072,"column":36846}},"115":{"start":{"line":1073,"column":12},"end":{"line":1073,"column":51}},"116":{"start":{"line":1083,"column":8},"end":{"line":1083,"column":45}},"117":{"start":{"line":1094,"column":8},"end":{"line":1094,"column":31}},"118":{"start":{"line":1109,"column":8},"end":{"line":1109,"column":59}},"119":{"start":{"line":1110,"column":8},"end":{"line":1110,"column":55}},"120":{"start":{"line":1113,"column":8},"end":{"line":1113,"column":38928}},"121":{"start":{"line":1114,"column":12},"end":{"line":1114,"column":68}},"122":{"start":{"line":1134,"column":8},"end":{"line":1134,"column":54}},"123":{"start":{"line":1135,"column":8},"end":{"line":1135,"column":53}},"124":{"start":{"line":1140,"column":8},"end":{"line":1140,"column":56}},"125":{"start":{"line":1147,"column":8},"end":{"line":1147,"column":23}},"126":{"start":{"line":1175,"column":8},"end":{"line":1175,"column":30}},"127":{"start":{"line":1182,"column":8},"end":{"line":1182,"column":21}},"128":{"start":{"line":1189,"column":8},"end":{"line":1189,"column":75}},"129":{"start":{"line":1201,"column":8},"end":{"line":1201,"column":28}},"130":{"start":{"line":1209,"column":8},"end":{"line":1209,"column":80}},"131":{"start":{"line":1210,"column":8},"end":{"line":1210,"column":26}},"132":{"start":{"line":1214,"column":8},"end":{"line":1214,"column":33}},"133":{"start":{"line":1216,"column":8},"end":{"line":1216,"column":53}},"134":{"start":{"line":1240,"column":4},"end":{"line":1240,"column":27}},"135":{"start":{"line":1241,"column":4},"end":{"line":1241,"column":41}},"136":{"start":{"line":1246,"column":4},"end":{"line":1246,"column":18}},"137":{"start":{"line":1251,"column":4},"end":{"line":1251,"column":34}},"138":{"start":{"line":1252,"column":4},"end":{"line":1252,"column":19}},"139":{"start":{"line":1253,"column":4},"end":{"line":1253,"column":27}},"140":{"start":{"line":1254,"column":4},"end":{"line":1254,"column":40}},"141":{"start":{"line":1255,"column":4},"end":{"line":1255,"column":45}},"142":{"start":{"line":1257,"column":4},"end":{"line":1257,"column":44100}},"143":{"start":{"line":1258,"column":6},"end":{"line":1258,"column":45}},"144":{"start":{"line":1261,"column":4},"end":{"line":1261,"column":44192}},"145":{"start":{"line":1262,"column":6},"end":{"line":1262,"column":38}},"146":{"start":{"line":1271,"column":4},"end":{"line":1271,"column":47}},"147":{"start":{"line":1272,"column":4},"end":{"line":1272,"column":62}},"148":{"start":{"line":1273,"column":4},"end":{"line":1273,"column":44514}},"149":{"start":{"line":1276,"column":4},"end":{"line":1276,"column":19}},"150":{"start":{"line":1286,"column":4},"end":{"line":1286,"column":44773}},"151":{"start":{"line":1291,"column":4},"end":{"line":1291,"column":44883}},"152":{"start":{"line":1292,"column":8},"end":{"line":1292,"column":29}},"153":{"start":{"line":1295,"column":4},"end":{"line":1295,"column":45}},"154":{"start":{"line":1296,"column":4},"end":{"line":1296,"column":45009}},"155":{"start":{"line":1335,"column":4},"end":{"line":1335,"column":73}},"156":{"start":{"line":1336,"column":4},"end":{"line":1336,"column":14}}},"branchMap":{"1":{"line":236,"type":"if","locations":[{"start":{"line":236,"column":8},"end":{"line":236,"column":8}},{"start":{"line":236,"column":8},"end":{"line":236,"column":8}}]},"2":{"line":258,"type":"if","locations":[{"start":{"line":258,"column":8},"end":{"line":258,"column":8}},{"start":{"line":258,"column":8},"end":{"line":258,"column":8}}]},"3":{"line":281,"type":"if","locations":[{"start":{"line":281,"column":8},"end":{"line":281,"column":8}},{"start":{"line":281,"column":8},"end":{"line":281,"column":8}}]},"4":{"line":342,"type":"if","locations":[{"start":{"line":342,"column":8},"end":{"line":342,"column":8}},{"start":{"line":342,"column":8},"end":{"line":342,"column":8}}]},"5":{"line":345,"type":"if","locations":[{"start":{"line":345,"column":8},"end":{"line":345,"column":8}},{"start":{"line":345,"column":8},"end":{"line":345,"column":8}}]},"6":{"line":415,"type":"if","locations":[{"start":{"line":415,"column":8},"end":{"line":415,"column":8}},{"start":{"line":415,"column":8},"end":{"line":415,"column":8}}]},"7":{"line":416,"type":"if","locations":[{"start":{"line":416,"column":8},"end":{"line":416,"column":8}},{"start":{"line":416,"column":8},"end":{"line":416,"column":8}}]},"8":{"line":443,"type":"if","locations":[{"start":{"line":443,"column":8},"end":{"line":443,"column":8}},{"start":{"line":443,"column":8},"end":{"line":443,"column":8}}]},"9":{"line":470,"type":"if","locations":[{"start":{"line":470,"column":8},"end":{"line":470,"column":8}},{"start":{"line":470,"column":8},"end":{"line":470,"column":8}}]},"10":{"line":487,"type":"if","locations":[{"start":{"line":487,"column":8},"end":{"line":487,"column":8}},{"start":{"line":487,"column":8},"end":{"line":487,"column":8}}]},"11":{"line":491,"type":"if","locations":[{"start":{"line":491,"column":12},"end":{"line":491,"column":12}},{"start":{"line":491,"column":12},"end":{"line":491,"column":12}}]},"12":{"line":627,"type":"cond-expr","locations":[{"start":{"line":627,"column":12},"end":{"line":627,"column":51}},{"start":{"line":628,"column":12},"end":{"line":628,"column":59}}]},"13":{"line":627,"type":"cond-expr","locations":[{"start":{"line":627,"column":12},"end":{"line":628,"column":59}},{"start":{"line":629,"column":12},"end":{"line":629,"column":47}}]},"14":{"line":636,"type":"if","locations":[{"start":{"line":636,"column":8},"end":{"line":636,"column":8}},{"start":{"line":636,"column":8},"end":{"line":636,"column":8}}]},"15":{"line":645,"type":"if","locations":[{"start":{"line":645,"column":8},"end":{"line":645,"column":8}},{"start":{"line":645,"column":8},"end":{"line":645,"column":8}}]},"16":{"line":667,"type":"if","locations":[{"start":{"line":667,"column":8},"end":{"line":667,"column":8}},{"start":{"line":667,"column":8},"end":{"line":667,"column":8}}]},"17":{"line":670,"type":"if","locations":[{"start":{"line":670,"column":43},"end":{"line":670,"column":95}},{"start":{"line":670,"column":99},"end":{"line":670,"column":100}}]},"18":{"line":687,"type":"if","locations":[{"start":{"line":687,"column":8},"end":{"line":687,"column":8}},{"start":{"line":687,"column":8},"end":{"line":687,"column":8}}]},"19":{"line":689,"type":"if","locations":[{"start":{"line":689,"column":8},"end":{"line":689,"column":8}},{"start":{"line":689,"column":8},"end":{"line":689,"column":8}}]},"20":{"line":690,"type":"cond-expr","locations":[{"start":{"line":690,"column":12},"end":{"line":690,"column":32}},{"start":{"line":690,"column":37},"end":{"line":690,"column":73}}]},"21":{"line":701,"type":"if","locations":[{"start":{"line":701,"column":8},"end":{"line":701,"column":8}},{"start":{"line":701,"column":8},"end":{"line":701,"column":8}}]},"22":{"line":710,"type":"if","locations":[{"start":{"line":710,"column":8},"end":{"line":710,"column":8}},{"start":{"line":710,"column":8},"end":{"line":710,"column":8}}]},"23":{"line":732,"type":"if","locations":[{"start":{"line":732,"column":8},"end":{"line":732,"column":8}},{"start":{"line":732,"column":8},"end":{"line":732,"column":8}}]},"24":{"line":757,"type":"if","locations":[{"start":{"line":757,"column":8},"end":{"line":757,"column":8}},{"start":{"line":757,"column":8},"end":{"line":757,"column":8}}]},"25":{"line":786,"type":"if","locations":[{"start":{"line":786,"column":8},"end":{"line":786,"column":8}},{"start":{"line":786,"column":8},"end":{"line":786,"column":8}}]},"26":{"line":809,"type":"if","locations":[{"start":{"line":809,"column":8},"end":{"line":809,"column":8}},{"start":{"line":809,"column":8},"end":{"line":809,"column":8}}]},"27":{"line":811,"type":"cond-expr","locations":[{"start":{"line":811,"column":16},"end":{"line":811,"column":31}},{"start":{"line":811,"column":36},"end":{"line":811,"column":66}}]},"28":{"line":811,"type":"cond-expr","locations":[{"start":{"line":811,"column":16},"end":{"line":811,"column":66}},{"start":{"line":811,"column":71},"end":{"line":811,"column":102}}]},"29":{"line":838,"type":"if","locations":[{"start":{"line":838,"column":8},"end":{"line":838,"column":8}},{"start":{"line":838,"column":8},"end":{"line":838,"column":8}}]},"30":{"line":857,"type":"if","locations":[{"start":{"line":857,"column":8},"end":{"line":857,"column":8}},{"start":{"line":857,"column":8},"end":{"line":857,"column":8}}]},"31":{"line":858,"type":"if","locations":[{"start":{"line":858,"column":8},"end":{"line":858,"column":8}},{"start":{"line":858,"column":8},"end":{"line":858,"column":8}}]},"32":{"line":908,"type":"if","locations":[{"start":{"line":908,"column":8},"end":{"line":908,"column":8}},{"start":{"line":908,"column":8},"end":{"line":908,"column":8}}]},"33":{"line":909,"type":"if","locations":[{"start":{"line":909,"column":8},"end":{"line":909,"column":8}},{"start":{"line":909,"column":8},"end":{"line":909,"column":8}}]},"34":{"line":949,"type":"if","locations":[{"start":{"line":949,"column":8},"end":{"line":949,"column":8}},{"start":{"line":949,"column":8},"end":{"line":949,"column":8}}]},"35":{"line":953,"type":"if","locations":[{"start":{"line":953,"column":16},"end":{"line":953,"column":16}},{"start":{"line":953,"column":16},"end":{"line":953,"column":16}}]},"36":{"line":1017,"type":"cond-expr","locations":[{"start":{"line":1017,"column":15},"end":{"line":1017,"column":64}},{"start":{"line":1017,"column":69},"end":{"line":1017,"column":104}}]},"37":{"line":1024,"type":"if","locations":[{"start":{"line":1024,"column":8},"end":{"line":1024,"column":8}},{"start":{"line":1024,"column":8},"end":{"line":1024,"column":8}}]},"38":{"line":1039,"type":"if","locations":[{"start":{"line":1039,"column":8},"end":{"line":1039,"column":8}},{"start":{"line":1039,"column":8},"end":{"line":1039,"column":8}}]},"39":{"line":1065,"type":"if","locations":[{"start":{"line":1065,"column":8},"end":{"line":1065,"column":8}},{"start":{"line":1065,"column":8},"end":{"line":1065,"column":8}}]},"40":{"line":1067,"type":"if","locations":[{"start":{"line":1067,"column":15},"end":{"line":1067,"column":15}},{"start":{"line":1067,"column":15},"end":{"line":1067,"column":15}}]},"41":{"line":1070,"type":"if","locations":[{"start":{"line":1070,"column":8},"end":{"line":1070,"column":8}},{"start":{"line":1070,"column":8},"end":{"line":1070,"column":8}}]},"42":{"line":1072,"type":"if","locations":[{"start":{"line":1072,"column":15},"end":{"line":1072,"column":15}},{"start":{"line":1072,"column":15},"end":{"line":1072,"column":15}}]},"43":{"line":1113,"type":"if","locations":[{"start":{"line":1113,"column":8},"end":{"line":1113,"column":8}},{"start":{"line":1113,"column":8},"end":{"line":1113,"column":8}}]},"44":{"line":1189,"type":"if","locations":[{"start":{"line":1189,"column":8},"end":{"line":1189,"column":8}},{"start":{"line":1189,"column":8},"end":{"line":1189,"column":8}}]},"45":{"line":1200,"type":"if","locations":[{"start":{"line":1200,"column":48},"end":{"line":1200,"column":48}},{"start":{"line":1200,"column":48},"end":{"line":1200,"column":48}}]},"46":{"line":1208,"type":"if","locations":[{"start":{"line":1208,"column":64},"end":{"line":1208,"column":64}},{"start":{"line":1208,"column":64},"end":{"line":1208,"column":64}}]},"47":{"line":1209,"type":"if","locations":[{"start":{"line":1209,"column":8},"end":{"line":1209,"column":8}},{"start":{"line":1209,"column":8},"end":{"line":1209,"column":8}}]},"48":{"line":1252,"type":"if","locations":[{"start":{"line":1252,"column":4},"end":{"line":1252,"column":4}},{"start":{"line":1252,"column":4},"end":{"line":1252,"column":4}}]},"49":{"line":1253,"type":"if","locations":[{"start":{"line":1253,"column":4},"end":{"line":1253,"column":4}},{"start":{"line":1253,"column":4},"end":{"line":1253,"column":4}}]},"50":{"line":1254,"type":"if","locations":[{"start":{"line":1254,"column":4},"end":{"line":1254,"column":4}},{"start":{"line":1254,"column":4},"end":{"line":1254,"column":4}}]},"51":{"line":1255,"type":"if","locations":[{"start":{"line":1255,"column":4},"end":{"line":1255,"column":4}},{"start":{"line":1255,"column":4},"end":{"line":1255,"column":4}}]},"52":{"line":1257,"type":"if","locations":[{"start":{"line":1257,"column":4},"end":{"line":1257,"column":4}},{"start":{"line":1257,"column":4},"end":{"line":1257,"column":4}}]},"53":{"line":1258,"type":"if","locations":[{"start":{"line":1258,"column":6},"end":{"line":1258,"column":6}},{"start":{"line":1258,"column":6},"end":{"line":1258,"column":6}}]},"54":{"line":1286,"type":"if","locations":[{"start":{"line":1286,"column":4},"end":{"line":1286,"column":4}},{"start":{"line":1286,"column":4},"end":{"line":1286,"column":4}}]},"55":{"line":1291,"type":"if","locations":[{"start":{"line":1291,"column":4},"end":{"line":1291,"column":4}},{"start":{"line":1291,"column":4},"end":{"line":1291,"column":4}}]},"56":{"line":1297,"type":"if","locations":[{"start":{"line":1297,"column":10},"end":{"line":1297,"column":84}},{"start":{"line":1298,"column":10},"end":{"line":1298,"column":11}}]},"57":{"line":1302,"type":"if","locations":[{"start":{"line":1302,"column":27},"end":{"line":1302,"column":27}},{"start":{"line":1302,"column":27},"end":{"line":1302,"column":27}}]},"58":{"line":1306,"type":"if","locations":[{"start":{"line":1306,"column":44},"end":{"line":1306,"column":44}},{"start":{"line":1306,"column":44},"end":{"line":1306,"column":44}}]},"59":{"line":1310,"type":"if","locations":[{"start":{"line":1310,"column":62},"end":{"line":1310,"column":62}},{"start":{"line":1310,"column":62},"end":{"line":1310,"column":62}}]},"60":{"line":1314,"type":"if","locations":[{"start":{"line":1314,"column":67},"end":{"line":1314,"column":67}},{"start":{"line":1314,"column":67},"end":{"line":1314,"column":67}}]},"61":{"line":1318,"type":"if","locations":[{"start":{"line":1318,"column":56},"end":{"line":1318,"column":56}},{"start":{"line":1318,"column":56},"end":{"line":1318,"column":56}}]},"62":{"line":1322,"type":"if","locations":[{"start":{"line":1322,"column":68},"end":{"line":1322,"column":68}},{"start":{"line":1322,"column":68},"end":{"line":1322,"column":68}}]},"63":{"line":1326,"type":"if","locations":[{"start":{"line":1326,"column":37},"end":{"line":1326,"column":37}},{"start":{"line":1326,"column":37},"end":{"line":1326,"column":37}}]},"64":{"line":1330,"type":"if","locations":[{"start":{"line":1330,"column":37},"end":{"line":1330,"column":37}},{"start":{"line":1330,"column":37},"end":{"line":1330,"column":37}}]},"65":{"line":1336,"type":"if","locations":[{"start":{"line":1336,"column":4},"end":{"line":1336,"column":4}},{"start":{"line":1336,"column":4},"end":{"line":1336,"column":4}}]}}}}